0 info it worked if it ends with ok
1 verbose cli [ 'D:\\products\\nodejs\\node.exe',
1 verbose cli   'D:\\products\\nodejs\\node_modules\\npm\\bin\\npm-cli.js',
1 verbose cli   'start' ]
2 info using npm@3.8.6
3 info using node@v6.0.0
4 verbose run-script [ 'prestart', 'start', 'poststart' ]
5 info lifecycle dryfield@0.0.0~prestart: dryfield@0.0.0
6 silly lifecycle dryfield@0.0.0~prestart: no script for prestart, continuing
7 info lifecycle dryfield@0.0.0~start: dryfield@0.0.0
8 verbose lifecycle dryfield@0.0.0~start: unsafe-perm in lifecycle true
9 verbose lifecycle dryfield@0.0.0~start: PATH: D:\products\nodejs\node_modules\npm\bin\node-gyp-bin;Z:\Contenus cours\B01 - MATIERES\Javascript\JavaScript MVC\TP\DryFields\dryfields\node_modules\.bin;D:\products\nodejs;C:\ProgramData\Oracle\Java\javapath;C:\Program Files (x86)\Intel\iCLS Client\;C:\Program Files\Intel\iCLS Client\;C:\WINDOWS\system32;C:\WINDOWS;C:\WINDOWS\System32\Wbem;C:\WINDOWS\System32\WindowsPowerShell\v1.0\;C:\Program Files (x86)\Windows Live\Shared;C:\Program Files (x86)\Intel\OpenCL SDK\2.0\bin\x86;C:\Program Files (x86)\Intel\OpenCL SDK\2.0\bin\x64;C:\Program Files\Intel\Intel(R) Management Engine Components\DAL;C:\Program Files\Intel\Intel(R) Management Engine Components\IPT;C:\Program Files (x86)\Intel\Intel(R) Management Engine Components\DAL;C:\Program Files (x86)\Intel\Intel(R) Management Engine Components\IPT;C:\Program Files (x86)\NVIDIA Corporation\PhysX\Common;C:\Program Files (x86)\GtkSharp\2.12\bin;D:\products\Git\cmd;D:\products\nodejs\;%SystemRoot%\system32;%SystemRoot%;%SystemRoot%\System32\Wbem;%SYSTEMROOT%\System32\WindowsPowerShell\v1.0\;C:\Users\souheil.sultan\AppData\Roaming\npm
10 verbose lifecycle dryfield@0.0.0~start: CWD: Z:\Contenus cours\B01 - MATIERES\Javascript\JavaScript MVC\TP\DryFields\dryfields
11 silly lifecycle dryfield@0.0.0~start: Args: [ '/d /s /c', 'node ./bin/www' ]
12 silly lifecycle dryfield@0.0.0~start: Returned: code: 3221225786  signal: null
13 info lifecycle dryfield@0.0.0~start: Failed to exec start script
14 verbose stack Error: dryfield@0.0.0 start: `node ./bin/www`
14 verbose stack Exit status 3221225786
14 verbose stack     at EventEmitter.<anonymous> (D:\products\nodejs\node_modules\npm\lib\utils\lifecycle.js:239:16)
14 verbose stack     at emitTwo (events.js:106:13)
14 verbose stack     at EventEmitter.emit (events.js:191:7)
14 verbose stack     at ChildProcess.<anonymous> (D:\products\nodejs\node_modules\npm\lib\utils\spawn.js:24:14)
14 verbose stack     at emitTwo (events.js:106:13)
14 verbose stack     at ChildProcess.emit (events.js:191:7)
14 verbose stack     at maybeClose (internal/child_process.js:850:16)
14 verbose stack     at Process.ChildProcess._handle.onexit (internal/child_process.js:215:5)
15 verbose pkgid dryfield@0.0.0
16 verbose cwd Z:\Contenus cours\B01 - MATIERES\Javascript\JavaScript MVC\TP\DryFields\dryfields
17 error Windows_NT 10.0.10586
18 error argv "D:\\products\\nodejs\\node.exe" "D:\\products\\nodejs\\node_modules\\npm\\bin\\npm-cli.js" "start"
19 error node v6.0.0
20 error npm  v3.8.6
21 error code ELIFECYCLE
22 error dryfield@0.0.0 start: `node ./bin/www`
22 error Exit status 3221225786
23 error Failed at the dryfield@0.0.0 start script 'node ./bin/www'.
23 error Make sure you have the latest version of node.js and npm installed.
23 error If you do, this is most likely a problem with the dryfield package,
23 error not with npm itself.
23 error Tell the author that this fails on your system:
23 error     node ./bin/www
23 error You can get information on how to open an issue for this project with:
23 error     npm bugs dryfield
23 error Or if that isn't available, you can get their info via:
23 error     npm owner ls dryfield
23 error There is likely additional logging output above.
24 verbose exit [ 1, true ]
